<?xml version="1.0" encoding="UTF-8"?>
<!-- Generated by org.testng.reporters.JUnitReportReporter -->
<testsuite hostname="CWB_PC-PC" name="com.cxb.webDemo1" tests="3" failures="0" timestamp="1 Mar 2016 09:17:04 GMT" time="0.005" errors="0">
  <testcase name="case3" time="0.000" classname="com.cxb.webDemo1"/>
  <testcase name="case2" time="0.000" classname="com.cxb.webDemo1"/>
  <testcase name="case1" time="0.005" classname="com.cxb.webDemo1"/>
</testsuite> <!-- com.cxb.webDemo1 -->
