<?xml version="1.0" encoding="UTF-8"?>
<!-- Generated by org.testng.reporters.JUnitReportReporter -->
<testsuite hostname="pc-PC" name="com.cxb.webDemo1" tests="2" failures="0" timestamp="28 Feb 2016 07:00:27 GMT" time="0.049" errors="0">
  <testcase name="case1" time="0.047" classname="com.cxb.webDemo1"/>
  <testcase name="case2" time="0.002" classname="com.cxb.webDemo1"/>
</testsuite> <!-- com.cxb.webDemo1 -->
